2025-03-27 16:25:28,498 - INFO - Fetching recipes with URL: https://api.spoonacular.com/recipes/complexSearch?query=rice&diet=none&apiKey=fa456475706b443a99fc843f3077688e&number=5
2025-03-27 16:25:31,309 - INFO - Fetching recipe details with URL: https://api.spoonacular.com/recipes/660185/information?includeNutrition=true&apiKey=fa456475706b443a99fc843f3077688e
2025-03-27 16:25:34,903 - INFO - Fetching recipe details with URL: https://api.spoonacular.com/recipes/660185/information?includeNutrition=true&apiKey=fa456475706b443a99fc843f3077688e
2025-03-27 16:25:35,491 - INFO - Fetching recipe details with URL: https://api.spoonacular.com/recipes/660185/information?includeNutrition=true&apiKey=fa456475706b443a99fc843f3077688e
2025-03-27 16:40:32,898 - INFO - Fetching recipes with URL: https://api.spoonacular.com/recipes/complexSearch?query=rice&diet=none&apiKey=fa456475706b443a99fc843f3077688e&number=5
2025-03-27 16:40:34,900 - INFO - Fetching recipe details with URL: https://api.spoonacular.com/recipes/635675/information?includeNutrition=true&apiKey=fa456475706b443a99fc843f3077688e
2025-03-27 16:40:36,347 - INFO - Fetching recipe details with URL: https://api.spoonacular.com/recipes/635675/information?includeNutrition=true&apiKey=fa456475706b443a99fc843f3077688e
2025-03-27 16:40:37,480 - INFO - Fetching recipe details with URL: https://api.spoonacular.com/recipes/635675/information?includeNutrition=true&apiKey=fa456475706b443a99fc843f3077688e
2025-03-27 16:40:38,104 - INFO - Fetching recipe details with URL: https://api.spoonacular.com/recipes/635675/information?includeNutrition=true&apiKey=fa456475706b443a99fc843f3077688e
2025-03-27 16:40:39,187 - INFO - Fetching recipe details with URL: https://api.spoonacular.com/recipes/660913/information?includeNutrition=true&apiKey=fa456475706b443a99fc843f3077688e
2025-03-27 16:40:41,015 - INFO - Fetching recipe details with URL: https://api.spoonacular.com/recipes/661427/information?includeNutrition=true&apiKey=fa456475706b443a99fc843f3077688e
2025-03-27 16:40:43,118 - INFO - Fetching recipe details with URL: https://api.spoonacular.com/recipes/660913/information?includeNutrition=true&apiKey=fa456475706b443a99fc843f3077688e
2025-03-27 16:40:43,704 - INFO - Fetching recipe details with URL: https://api.spoonacular.com/recipes/639910/information?includeNutrition=true&apiKey=fa456475706b443a99fc843f3077688e
2025-03-27 16:40:44,864 - INFO - Fetching recipe details with URL: https://api.spoonacular.com/recipes/660913/information?includeNutrition=true&apiKey=fa456475706b443a99fc843f3077688e
2025-04-02 19:15:55,340 - INFO - Making API request to https://api.spoonacular.com/recipes/complexSearch?apiKey=your_api_key_here&includeIngredients=rava&diet=vegetarian&number=5
2025-04-02 19:16:01,643 - INFO - Making API request to https://api.spoonacular.com/recipes/complexSearch?apiKey=your_api_key_here&includeIngredients=rava&diet=vegetarian&number=5
2025-04-02 19:16:01,793 - INFO - Making API request to https://api.spoonacular.com/recipes/complexSearch?apiKey=your_api_key_here&includeIngredients=rava&diet=vegetarian&number=5
2025-04-02 19:18:37,527 - ERROR - API request failed: 401 Client Error: Unauthorized for url: https://api.spoonacular.com/recipes/complexSearch?apiKey=your_api_key_here&includeIngredients=rava&diet=vegetarian&number=5
Traceback (most recent call last):
  File "D:\fjjf\api_requests.py", line 14, in fetch_recipes
    response.raise_for_status()
    ~~~~~~~~~~~~~~~~~~~~~~~~~^^
  File "c:\Users\USER\AppData\Local\Programs\Python\Python313\Lib\site-packages\requests\models.py", line 1024, in raise_for_status
    raise HTTPError(http_error_msg, response=self)
requests.exceptions.HTTPError: 401 Client Error: Unauthorized for url: https://api.spoonacular.com/recipes/complexSearch?apiKey=your_api_key_here&includeIngredients=rava&diet=vegetarian&number=5
2025-04-02 19:18:37,544 - INFO - Making API request to https://api.spoonacular.com/recipes/complexSearch?apiKey=your_api_key_here&includeIngredients=rava&diet=vegetarian&number=5
2025-04-02 19:18:37,652 - ERROR - API request failed: 401 Client Error: Unauthorized for url: https://api.spoonacular.com/recipes/complexSearch?apiKey=your_api_key_here&includeIngredients=rava&diet=vegetarian&number=5
Traceback (most recent call last):
  File "D:\fjjf\api_requests.py", line 14, in fetch_recipes
    response.raise_for_status()
    ~~~~~~~~~~~~~~~~~~~~~~~~~^^
  File "c:\Users\USER\AppData\Local\Programs\Python\Python313\Lib\site-packages\requests\models.py", line 1024, in raise_for_status
    raise HTTPError(http_error_msg, response=self)
requests.exceptions.HTTPError: 401 Client Error: Unauthorized for url: https://api.spoonacular.com/recipes/complexSearch?apiKey=your_api_key_here&includeIngredients=rava&diet=vegetarian&number=5
2025-04-02 19:19:20,921 - ERROR - API request failed: 401 Client Error: Unauthorized for url: https://api.spoonacular.com/recipes/complexSearch?apiKey=your_api_key_here&includeIngredients=rava&diet=vegetarian&number=5
Traceback (most recent call last):
  File "D:\fjjf\api_requests.py", line 14, in fetch_recipes
    response.raise_for_status()
    ~~~~~~~~~~~~~~~~~~~~~~~~~^^
  File "c:\Users\USER\AppData\Local\Programs\Python\Python313\Lib\site-packages\requests\models.py", line 1024, in raise_for_status
    raise HTTPError(http_error_msg, response=self)
requests.exceptions.HTTPError: 401 Client Error: Unauthorized for url: https://api.spoonacular.com/recipes/complexSearch?apiKey=your_api_key_here&includeIngredients=rava&diet=vegetarian&number=5
2025-04-02 19:23:33,594 - INFO - Making API request to https://api.spoonacular.com/recipes/complexSearch?apiKey=fa456475706b443a99fc843f3077688e&includeIngredients=rava&diet=vegetarian&number=5
2025-04-02 19:23:34,993 - INFO - Making API request to https://api.spoonacular.com/recipes/complexSearch?apiKey=fa456475706b443a99fc843f3077688e&includeIngredients=rava&diet=vegetarian&number=5
2025-04-02 19:23:35,138 - INFO - Received response: 200
2025-04-02 19:23:35,377 - INFO - Making API request to https://api.spoonacular.com/recipes/complexSearch?apiKey=fa456475706b443a99fc843f3077688e&includeIngredients=rava&diet=vegetarian&number=5
2025-04-02 19:23:35,977 - INFO - Received response: 200
2025-04-02 19:23:36,395 - INFO - Received response: 200
2025-04-02 19:23:41,190 - INFO - Fetching recipe details from https://api.spoonacular.com/recipes/716406/information?includeNutrition=true&apiKey=fa456475706b443a99fc843f3077688e
2025-04-02 19:23:41,892 - INFO - Fetching recipe details from https://api.spoonacular.com/recipes/716426/information?includeNutrition=true&apiKey=fa456475706b443a99fc843f3077688e
2025-04-02 19:23:48,709 - INFO - Fetching recipe details from https://api.spoonacular.com/recipes/716004/information?includeNutrition=true&apiKey=fa456475706b443a99fc843f3077688e
2025-04-02 19:23:48,786 - INFO - Fetching recipe details from https://api.spoonacular.com/recipes/716426/information?includeNutrition=true&apiKey=fa456475706b443a99fc843f3077688e
2025-04-02 19:23:48,792 - INFO - Fetching recipe details from https://api.spoonacular.com/recipes/716004/information?includeNutrition=true&apiKey=fa456475706b443a99fc843f3077688e
2025-04-02 19:23:48,799 - INFO - Fetching recipe details from https://api.spoonacular.com/recipes/644387/information?includeNutrition=true&apiKey=fa456475706b443a99fc843f3077688e
2025-04-02 19:23:48,806 - INFO - Fetching recipe details from https://api.spoonacular.com/recipes/782601/information?includeNutrition=true&apiKey=fa456475706b443a99fc843f3077688e
2025-04-02 19:23:57,685 - INFO - Fetching recipe details from https://api.spoonacular.com/recipes/716426/information?includeNutrition=true&apiKey=fa456475706b443a99fc843f3077688e
2025-04-02 19:24:12,743 - INFO - Fetching recipe details from https://api.spoonacular.com/recipes/716406/information?includeNutrition=true&apiKey=fa456475706b443a99fc843f3077688e
2025-04-02 19:24:16,909 - INFO - Fetching recipe details from https://api.spoonacular.com/recipes/644387/information?includeNutrition=true&apiKey=fa456475706b443a99fc843f3077688e
2025-04-02 19:25:12,466 - INFO - Fetching recipe details from https://api.spoonacular.com/recipes/782601/information?includeNutrition=true&apiKey=fa456475706b443a99fc843f3077688e
2025-04-02 19:25:13,490 - INFO - Fetching recipe details from https://api.spoonacular.com/recipes/782601/information?includeNutrition=true&apiKey=fa456475706b443a99fc843f3077688e
2025-04-02 19:25:16,724 - INFO - Fetching recipe details from https://api.spoonacular.com/recipes/716426/information?includeNutrition=true&apiKey=fa456475706b443a99fc843f3077688e
2025-04-02 19:25:20,682 - INFO - Fetching recipe details from https://api.spoonacular.com/recipes/716004/information?includeNutrition=true&apiKey=fa456475706b443a99fc843f3077688e
2025-04-02 19:25:21,491 - INFO - Fetching recipe details from https://api.spoonacular.com/recipes/716426/information?includeNutrition=true&apiKey=fa456475706b443a99fc843f3077688e
2025-04-02 19:25:22,957 - INFO - Fetching recipe details from https://api.spoonacular.com/recipes/644387/information?includeNutrition=true&apiKey=fa456475706b443a99fc843f3077688e
2025-04-02 19:25:24,901 - INFO - Fetching recipe details from https://api.spoonacular.com/recipes/716406/information?includeNutrition=true&apiKey=fa456475706b443a99fc843f3077688e
2025-04-03 15:51:44,624 - INFO - Making API request to https://api.spoonacular.com/recipes/complexSearch?apiKey=YOUR_API_KEY&includeIngredients=beef&diet=none&number=5
2025-04-03 15:52:46,130 - INFO - Making API request to https://api.spoonacular.com/recipes/complexSearch?apiKey=YOUR_API_KEY&includeIngredients=beef&diet=none&number=5
2025-04-03 15:52:47,394 - ERROR - API request failed: 401 Client Error: Unauthorized for url: https://api.spoonacular.com/recipes/complexSearch?apiKey=YOUR_API_KEY&includeIngredients=beef&diet=none&number=5
Traceback (most recent call last):
  File "D:\fjjf\api_requests.py", line 14, in fetch_recipes
    response.raise_for_status()
    ~~~~~~~~~~~~~~~~~~~~~~~~~^^
  File "c:\Users\USER\AppData\Local\Programs\Python\Python313\Lib\site-packages\requests\models.py", line 1024, in raise_for_status
    raise HTTPError(http_error_msg, response=self)
requests.exceptions.HTTPError: 401 Client Error: Unauthorized for url: https://api.spoonacular.com/recipes/complexSearch?apiKey=YOUR_API_KEY&includeIngredients=beef&diet=none&number=5
2025-04-03 15:52:47,489 - INFO - Making API request to https://api.spoonacular.com/recipes/complexSearch?apiKey=YOUR_API_KEY&includeIngredients=beef&diet=none&number=5
2025-04-03 15:52:48,326 - ERROR - API request failed: 401 Client Error: Unauthorized for url: https://api.spoonacular.com/recipes/complexSearch?apiKey=YOUR_API_KEY&includeIngredients=beef&diet=none&number=5
Traceback (most recent call last):
  File "D:\fjjf\api_requests.py", line 14, in fetch_recipes
    response.raise_for_status()
    ~~~~~~~~~~~~~~~~~~~~~~~~~^^
  File "c:\Users\USER\AppData\Local\Programs\Python\Python313\Lib\site-packages\requests\models.py", line 1024, in raise_for_status
    raise HTTPError(http_error_msg, response=self)
requests.exceptions.HTTPError: 401 Client Error: Unauthorized for url: https://api.spoonacular.com/recipes/complexSearch?apiKey=YOUR_API_KEY&includeIngredients=beef&diet=none&number=5
2025-04-03 15:52:48,410 - INFO - Making API request to https://api.spoonacular.com/recipes/complexSearch?apiKey=YOUR_API_KEY&includeIngredients=beef&diet=none&number=5
2025-04-03 15:52:49,253 - ERROR - API request failed: 401 Client Error: Unauthorized for url: https://api.spoonacular.com/recipes/complexSearch?apiKey=YOUR_API_KEY&includeIngredients=beef&diet=none&number=5
Traceback (most recent call last):
  File "D:\fjjf\api_requests.py", line 14, in fetch_recipes
    response.raise_for_status()
    ~~~~~~~~~~~~~~~~~~~~~~~~~^^
  File "c:\Users\USER\AppData\Local\Programs\Python\Python313\Lib\site-packages\requests\models.py", line 1024, in raise_for_status
    raise HTTPError(http_error_msg, response=self)
requests.exceptions.HTTPError: 401 Client Error: Unauthorized for url: https://api.spoonacular.com/recipes/complexSearch?apiKey=YOUR_API_KEY&includeIngredients=beef&diet=none&number=5
2025-04-03 15:53:40,367 - INFO - Making API request to https://api.spoonacular.com/recipes/complexSearch?apiKey=YOUR_API_KEY&includeIngredients=beef&diet=none&number=5
2025-04-03 15:55:26,766 - ERROR - API request failed: 401 Client Error: Unauthorized for url: https://api.spoonacular.com/recipes/complexSearch?apiKey=YOUR_API_KEY&includeIngredients=beef&diet=none&number=5
Traceback (most recent call last):
  File "D:\fjjf\api_requests.py", line 14, in fetch_recipes
    response.raise_for_status()
    ~~~~~~~~~~~~~~~~~~~~~~~~~^^
  File "c:\Users\USER\AppData\Local\Programs\Python\Python313\Lib\site-packages\requests\models.py", line 1024, in raise_for_status
    raise HTTPError(http_error_msg, response=self)
requests.exceptions.HTTPError: 401 Client Error: Unauthorized for url: https://api.spoonacular.com/recipes/complexSearch?apiKey=YOUR_API_KEY&includeIngredients=beef&diet=none&number=5
2025-04-03 15:57:11,623 - INFO - Making API request to https://api.spoonacular.com/recipes/complexSearch?apiKey=fa456475706b443a99fc843f3077688e&includeIngredients=sea&diet=none&number=5
2025-04-03 15:57:12,851 - INFO - Received response from https://api.spoonacular.com/recipes/complexSearch?apiKey=fa456475706b443a99fc843f3077688e&includeIngredients=sea&diet=none&number=5: status 200
2025-04-03 15:57:12,852 - INFO - Making API request to https://api.spoonacular.com/recipes/complexSearch?apiKey=fa456475706b443a99fc843f3077688e&includeIngredients=sea&diet=none&number=5
2025-04-03 15:57:13,766 - INFO - Received response from https://api.spoonacular.com/recipes/complexSearch?apiKey=fa456475706b443a99fc843f3077688e&includeIngredients=sea&diet=none&number=5: status 200
2025-04-03 15:57:13,767 - INFO - Making API request to https://api.spoonacular.com/recipes/complexSearch?apiKey=fa456475706b443a99fc843f3077688e&includeIngredients=sea&diet=none&number=5
2025-04-03 15:57:14,689 - INFO - Received response from https://api.spoonacular.com/recipes/complexSearch?apiKey=fa456475706b443a99fc843f3077688e&includeIngredients=sea&diet=none&number=5: status 200
2025-04-03 15:57:14,690 - INFO - Making API request to https://api.spoonacular.com/recipes/complexSearch?apiKey=fa456475706b443a99fc843f3077688e&includeIngredients=sea&diet=none&number=5
2025-04-03 15:57:15,596 - INFO - Received response from https://api.spoonacular.com/recipes/complexSearch?apiKey=fa456475706b443a99fc843f3077688e&includeIngredients=sea&diet=none&number=5: status 200
2025-04-03 15:57:15,597 - INFO - Making API request to https://api.spoonacular.com/recipes/complexSearch?apiKey=fa456475706b443a99fc843f3077688e&includeIngredients=sea&diet=none&number=5
2025-04-03 15:57:16,506 - INFO - Received response from https://api.spoonacular.com/recipes/complexSearch?apiKey=fa456475706b443a99fc843f3077688e&includeIngredients=sea&diet=none&number=5: status 200
2025-04-03 15:57:16,508 - INFO - Making API request to https://api.spoonacular.com/recipes/complexSearch?apiKey=fa456475706b443a99fc843f3077688e&includeIngredients=sea&diet=none&number=5
2025-04-03 15:57:17,445 - INFO - Received response from https://api.spoonacular.com/recipes/complexSearch?apiKey=fa456475706b443a99fc843f3077688e&includeIngredients=sea&diet=none&number=5: status 200
2025-04-03 15:57:17,446 - INFO - Making API request to https://api.spoonacular.com/recipes/complexSearch?apiKey=fa456475706b443a99fc843f3077688e&includeIngredients=sea&diet=none&number=5
2025-04-03 15:57:18,337 - INFO - Received response from https://api.spoonacular.com/recipes/complexSearch?apiKey=fa456475706b443a99fc843f3077688e&includeIngredients=sea&diet=none&number=5: status 200
2025-04-03 16:03:18,070 - INFO - Making API request to https://api.spoonacular.com/recipes/complexSearch?apiKey=fa456475706b443a99fc843f3077688e&includeIngredients=beef&diet=none&number=5
2025-04-03 16:03:19,661 - INFO - Received response from https://api.spoonacular.com/recipes/complexSearch?apiKey=fa456475706b443a99fc843f3077688e&includeIngredients=beef&diet=none&number=5: status 200
2025-04-03 16:03:19,686 - INFO - Making API request to https://api.spoonacular.com/recipes/complexSearch?apiKey=fa456475706b443a99fc843f3077688e&includeIngredients=beef&diet=none&number=5
2025-04-03 16:03:20,690 - INFO - Received response from https://api.spoonacular.com/recipes/complexSearch?apiKey=fa456475706b443a99fc843f3077688e&includeIngredients=beef&diet=none&number=5: status 200
2025-04-03 16:03:20,691 - INFO - Making API request to https://api.spoonacular.com/recipes/complexSearch?apiKey=fa456475706b443a99fc843f3077688e&includeIngredients=beef&diet=none&number=5
2025-04-03 16:03:21,151 - INFO - Received response from https://api.spoonacular.com/recipes/complexSearch?apiKey=fa456475706b443a99fc843f3077688e&includeIngredients=beef&diet=none&number=5: status 200
2025-04-03 16:03:21,153 - INFO - Making API request to https://api.spoonacular.com/recipes/complexSearch?apiKey=fa456475706b443a99fc843f3077688e&includeIngredients=beef&diet=none&number=5
2025-04-03 16:03:21,634 - INFO - Received response from https://api.spoonacular.com/recipes/complexSearch?apiKey=fa456475706b443a99fc843f3077688e&includeIngredients=beef&diet=none&number=5: status 200
2025-04-03 16:05:21,030 - INFO - Making API request to https://api.spoonacular.com/recipes/complexSearch?apiKey=fa456475706b443a99fc843f3077688e&includeIngredients=beef&diet=vegetarian&number=5
2025-04-03 16:05:22,104 - INFO - Received response from https://api.spoonacular.com/recipes/complexSearch?apiKey=fa456475706b443a99fc843f3077688e&includeIngredients=beef&diet=vegetarian&number=5: status 200
2025-04-03 16:07:48,086 - INFO - Making API request to https://api.spoonacular.com/recipes/complexSearch?apiKey=fa456475706b443a99fc843f3077688e&includeIngredients=beef&diet=none&number=5
2025-04-03 16:07:49,263 - INFO - Received response from https://api.spoonacular.com/recipes/complexSearch?apiKey=fa456475706b443a99fc843f3077688e&includeIngredients=beef&diet=none&number=5: status 200
2025-04-03 16:07:49,734 - INFO - Making API request to https://api.spoonacular.com/recipes/complexSearch?apiKey=fa456475706b443a99fc843f3077688e&includeIngredients=beef&diet=none&number=5
2025-04-03 16:07:50,571 - INFO - Received response from https://api.spoonacular.com/recipes/complexSearch?apiKey=fa456475706b443a99fc843f3077688e&includeIngredients=beef&diet=none&number=5: status 200
2025-04-03 16:07:50,649 - INFO - Making API request to https://api.spoonacular.com/recipes/complexSearch?apiKey=fa456475706b443a99fc843f3077688e&includeIngredients=beef&diet=none&number=5
2025-04-03 16:07:50,961 - INFO - Received response from https://api.spoonacular.com/recipes/complexSearch?apiKey=fa456475706b443a99fc843f3077688e&includeIngredients=beef&diet=none&number=5: status 200
2025-04-03 16:07:51,033 - INFO - Making API request to https://api.spoonacular.com/recipes/complexSearch?apiKey=fa456475706b443a99fc843f3077688e&includeIngredients=beef&diet=none&number=5
2025-04-03 16:07:51,341 - INFO - Received response from https://api.spoonacular.com/recipes/complexSearch?apiKey=fa456475706b443a99fc843f3077688e&includeIngredients=beef&diet=none&number=5: status 200
2025-04-03 16:07:51,385 - INFO - Making API request to https://api.spoonacular.com/recipes/complexSearch?apiKey=fa456475706b443a99fc843f3077688e&includeIngredients=beef&diet=none&number=5
2025-04-03 16:07:52,248 - INFO - Received response from https://api.spoonacular.com/recipes/complexSearch?apiKey=fa456475706b443a99fc843f3077688e&includeIngredients=beef&diet=none&number=5: status 200
2025-04-03 16:07:52,317 - INFO - Making API request to https://api.spoonacular.com/recipes/complexSearch?apiKey=fa456475706b443a99fc843f3077688e&includeIngredients=beef&diet=none&number=5
2025-04-03 16:07:53,180 - INFO - Received response from https://api.spoonacular.com/recipes/complexSearch?apiKey=fa456475706b443a99fc843f3077688e&includeIngredients=beef&diet=none&number=5: status 200
2025-04-03 16:08:45,814 - INFO - Making API request to https://api.spoonacular.com/recipes/complexSearch?apiKey=fa456475706b443a99fc843f3077688e&includeIngredients=beef&diet=none&number=5
2025-04-03 16:08:46,799 - INFO - Received response from https://api.spoonacular.com/recipes/complexSearch?apiKey=fa456475706b443a99fc843f3077688e&includeIngredients=beef&diet=none&number=5: status 200
2025-04-03 16:11:42,653 - INFO - Making API request to https://api.spoonacular.com/recipes/complexSearch?apiKey=fa456475706b443a99fc843f3077688e&includeIngredients=beef&diet=none&number=5
2025-04-03 16:11:43,937 - INFO - Received response from https://api.spoonacular.com/recipes/complexSearch?apiKey=fa456475706b443a99fc843f3077688e&includeIngredients=beef&diet=none&number=5: status 200
2025-04-03 16:11:44,557 - INFO - Making API request to https://api.spoonacular.com/recipes/complexSearch?apiKey=fa456475706b443a99fc843f3077688e&includeIngredients=beef&diet=none&number=5
2025-04-03 16:11:45,473 - INFO - Received response from https://api.spoonacular.com/recipes/complexSearch?apiKey=fa456475706b443a99fc843f3077688e&includeIngredients=beef&diet=none&number=5: status 200
2025-04-03 16:13:09,293 - INFO - Making API request to https://api.spoonacular.com/recipes/complexSearch?apiKey=fa456475706b443a99fc843f3077688e&includeIngredients=beef&diet=none&number=5
2025-04-03 16:13:10,465 - INFO - Received response from https://api.spoonacular.com/recipes/complexSearch?apiKey=fa456475706b443a99fc843f3077688e&includeIngredients=beef&diet=none&number=5: status 200
2025-04-03 16:23:51,075 - INFO - Making API request to https://api.spoonacular.com/recipes/complexSearch?apiKey=fa456475706b443a99fc843f3077688e&includeIngredients=beef&diet=none&number=5
2025-04-03 16:23:52,295 - INFO - Received response from https://api.spoonacular.com/recipes/complexSearch?apiKey=fa456475706b443a99fc843f3077688e&includeIngredients=beef&diet=none&number=5: status 200
2025-04-03 16:25:06,003 - INFO - Making API request to https://api.spoonacular.com/recipes/complexSearch?apiKey=fa456475706b443a99fc843f3077688e&includeIngredients=beef&diet=none&number=5
2025-04-03 16:25:07,214 - INFO - Received response from https://api.spoonacular.com/recipes/complexSearch?apiKey=fa456475706b443a99fc843f3077688e&includeIngredients=beef&diet=none&number=5: status 200
2025-04-03 16:40:14,586 - INFO - Making API request to https://api.spoonacular.com/recipes/complexSearch?apiKey=fa456475706b443a99fc843f3077688e&includeIngredients=beef&diet=none&number=5
2025-04-03 16:40:15,752 - INFO - Received response from https://api.spoonacular.com/recipes/complexSearch?apiKey=fa456475706b443a99fc843f3077688e&includeIngredients=beef&diet=none&number=5: status 200
2025-04-03 16:40:42,354 - INFO - Making API request to https://api.spoonacular.com/recipes/complexSearch?apiKey=fa456475706b443a99fc843f3077688e&includeIngredients=jamun&diet=none&number=5
2025-04-03 16:40:43,492 - INFO - Received response from https://api.spoonacular.com/recipes/complexSearch?apiKey=fa456475706b443a99fc843f3077688e&includeIngredients=jamun&diet=none&number=5: status 200
2025-04-03 16:40:43,495 - INFO - Making API request to https://api.spoonacular.com/recipes/complexSearch?apiKey=fa456475706b443a99fc843f3077688e&includeIngredients=jamun&diet=none&number=5
2025-04-03 16:40:44,345 - INFO - Received response from https://api.spoonacular.com/recipes/complexSearch?apiKey=fa456475706b443a99fc843f3077688e&includeIngredients=jamun&diet=none&number=5: status 200
2025-04-03 16:40:44,349 - INFO - Making API request to https://api.spoonacular.com/recipes/complexSearch?apiKey=fa456475706b443a99fc843f3077688e&includeIngredients=jamun&diet=none&number=5
2025-04-03 16:40:44,679 - INFO - Received response from https://api.spoonacular.com/recipes/complexSearch?apiKey=fa456475706b443a99fc843f3077688e&includeIngredients=jamun&diet=none&number=5: status 200
2025-04-03 16:40:44,681 - INFO - Making API request to https://api.spoonacular.com/recipes/complexSearch?apiKey=fa456475706b443a99fc843f3077688e&includeIngredients=jamun&diet=none&number=5
2025-04-03 16:40:45,046 - INFO - Received response from https://api.spoonacular.com/recipes/complexSearch?apiKey=fa456475706b443a99fc843f3077688e&includeIngredients=jamun&diet=none&number=5: status 200
2025-04-03 16:40:45,048 - INFO - Making API request to https://api.spoonacular.com/recipes/complexSearch?apiKey=fa456475706b443a99fc843f3077688e&includeIngredients=jamun&diet=none&number=5
2025-04-03 16:40:45,961 - INFO - Received response from https://api.spoonacular.com/recipes/complexSearch?apiKey=fa456475706b443a99fc843f3077688e&includeIngredients=jamun&diet=none&number=5: status 200
2025-04-03 16:40:45,962 - INFO - Making API request to https://api.spoonacular.com/recipes/complexSearch?apiKey=fa456475706b443a99fc843f3077688e&includeIngredients=jamun&diet=none&number=5
2025-04-03 16:40:47,101 - INFO - Making API request to https://api.spoonacular.com/recipes/complexSearch?apiKey=fa456475706b443a99fc843f3077688e&includeIngredients=jamun&diet=none&number=5
2025-04-03 16:40:47,468 - ERROR - API request failed: 402 Client Error: Payment Required for url: https://api.spoonacular.com/recipes/complexSearch?apiKey=fa456475706b443a99fc843f3077688e&includeIngredients=jamun&diet=none&number=5
Traceback (most recent call last):
  File "D:\fjjf\api_requests.py", line 14, in fetch_recipes
    response.raise_for_status()
    ~~~~~~~~~~~~~~~~~~~~~~~~~^^
  File "c:\Users\USER\AppData\Local\Programs\Python\Python313\Lib\site-packages\requests\models.py", line 1024, in raise_for_status
    raise HTTPError(http_error_msg, response=self)
requests.exceptions.HTTPError: 402 Client Error: Payment Required for url: https://api.spoonacular.com/recipes/complexSearch?apiKey=fa456475706b443a99fc843f3077688e&includeIngredients=jamun&diet=none&number=5
2025-04-09 07:16:46,264 - INFO - Making API request to https://api.spoonacular.com/recipes/complexSearch?apiKey=fa456475706b443a99fc843f3077688e&includeIngredients=rava&diet=vegetarian&number=5
2025-04-09 07:16:49,671 - INFO - Received response from https://api.spoonacular.com/recipes/complexSearch?apiKey=fa456475706b443a99fc843f3077688e&includeIngredients=rava&diet=vegetarian&number=5: status 200
2025-04-09 07:16:49,673 - INFO - Making API request to https://api.spoonacular.com/recipes/complexSearch?apiKey=fa456475706b443a99fc843f3077688e&includeIngredients=rava&diet=vegetarian&number=5
2025-04-09 07:16:50,659 - INFO - Received response from https://api.spoonacular.com/recipes/complexSearch?apiKey=fa456475706b443a99fc843f3077688e&includeIngredients=rava&diet=vegetarian&number=5: status 200
2025-04-09 07:16:50,661 - INFO - Making API request to https://api.spoonacular.com/recipes/complexSearch?apiKey=fa456475706b443a99fc843f3077688e&includeIngredients=rava&diet=vegetarian&number=5
2025-04-09 07:16:51,542 - INFO - Received response from https://api.spoonacular.com/recipes/complexSearch?apiKey=fa456475706b443a99fc843f3077688e&includeIngredients=rava&diet=vegetarian&number=5: status 200
2025-04-09 07:27:54,063 - INFO - Making API request to https://api.spoonacular.com/recipes/complexSearch?apiKey=fa456475706b443a99fc843f3077688e&includeIngredients=rava&diet=vegetarian&number=5
2025-04-09 07:27:55,212 - INFO - Received response from https://api.spoonacular.com/recipes/complexSearch?apiKey=fa456475706b443a99fc843f3077688e&includeIngredients=rava&diet=vegetarian&number=5: status 200
2025-04-09 07:37:51,642 - ERROR - Error fetching recipes: 401 Client Error: Unauthorized for url: https://api.spoonacular.com/recipes/complexSearch?apiKey=YOUR_API_KEY&query=idli&number=10&addRecipeInformation=True&instructionsRequired=True
2025-04-09 07:37:59,300 - ERROR - Error fetching recipes: 401 Client Error: Unauthorized for url: https://api.spoonacular.com/recipes/complexSearch?apiKey=YOUR_API_KEY&query=dosa&number=10&addRecipeInformation=True&instructionsRequired=True
2025-04-09 07:38:01,674 - ERROR - Error fetching recipes: 401 Client Error: Unauthorized for url: https://api.spoonacular.com/recipes/complexSearch?apiKey=YOUR_API_KEY&query=dosa&number=10&addRecipeInformation=True&instructionsRequired=True
2025-04-09 07:38:02,185 - ERROR - Error fetching recipes: 401 Client Error: Unauthorized for url: https://api.spoonacular.com/recipes/complexSearch?apiKey=YOUR_API_KEY&query=dosa&number=10&addRecipeInformation=True&instructionsRequired=True
2025-04-09 07:38:08,625 - ERROR - Error fetching recipes: 401 Client Error: Unauthorized for url: https://api.spoonacular.com/recipes/complexSearch?apiKey=YOUR_API_KEY&query=steak&number=10&addRecipeInformation=True&instructionsRequired=True
2025-04-09 07:38:10,393 - ERROR - Error fetching recipes: 401 Client Error: Unauthorized for url: https://api.spoonacular.com/recipes/complexSearch?apiKey=YOUR_API_KEY&query=steak&number=10&addRecipeInformation=True&instructionsRequired=True
2025-04-09 07:38:10,932 - ERROR - Error fetching recipes: 401 Client Error: Unauthorized for url: https://api.spoonacular.com/recipes/complexSearch?apiKey=YOUR_API_KEY&query=steak&number=10&addRecipeInformation=True&instructionsRequired=True
2025-04-09 07:38:11,519 - ERROR - Error fetching recipes: 401 Client Error: Unauthorized for url: https://api.spoonacular.com/recipes/complexSearch?apiKey=YOUR_API_KEY&query=steak&number=10&addRecipeInformation=True&instructionsRequired=True
2025-04-09 07:38:12,051 - ERROR - Error fetching recipes: 401 Client Error: Unauthorized for url: https://api.spoonacular.com/recipes/complexSearch?apiKey=YOUR_API_KEY&query=steak&number=10&addRecipeInformation=True&instructionsRequired=True
2025-04-09 07:38:19,490 - ERROR - Error fetching recipes: 401 Client Error: Unauthorized for url: https://api.spoonacular.com/recipes/complexSearch?apiKey=YOUR_API_KEY&query=rava&number=10&addRecipeInformation=True&instructionsRequired=True
2025-04-09 07:38:20,796 - ERROR - Error fetching recipes: 401 Client Error: Unauthorized for url: https://api.spoonacular.com/recipes/complexSearch?apiKey=YOUR_API_KEY&query=rava&number=10&addRecipeInformation=True&instructionsRequired=True
2025-04-09 07:38:21,737 - ERROR - Error fetching recipes: 401 Client Error: Unauthorized for url: https://api.spoonacular.com/recipes/complexSearch?apiKey=YOUR_API_KEY&query=rava&number=10&addRecipeInformation=True&instructionsRequired=True
2025-04-09 07:38:22,145 - ERROR - Error fetching recipes: 401 Client Error: Unauthorized for url: https://api.spoonacular.com/recipes/complexSearch?apiKey=YOUR_API_KEY&query=rava&number=10&addRecipeInformation=True&instructionsRequired=True
2025-04-09 07:38:23,064 - ERROR - Error fetching recipes: 401 Client Error: Unauthorized for url: https://api.spoonacular.com/recipes/complexSearch?apiKey=YOUR_API_KEY&query=rava&number=10&addRecipeInformation=True&instructionsRequired=True
2025-04-09 20:19:49,857 - ERROR - Error displaying recipe details: cannot identify image file <_io.BytesIO object at 0x000002AAA3A57790>2025-04-23 07:33:54,853 - ERROR - Error in show_visualization: invalid command name ".!canvas.!frame.!frame4.!canvas"
